<?xml version="1.0" encoding="UTF-8"?>
<robot generator="Robot 3.2.2 (Python 3.7.1 on win32)" generated="20211206 21:59:53.438" rpa="false">
<suite id="s1" name="Jalalrobot" source="C:\Users\35266\git\Robotproject_jalal\jalalrobot">
<suite id="s1-s1" name="Jalaltest" source="C:\Users\35266\git\Robotproject_jalal\jalalrobot\jalaltest">
<suite id="s1-s1-s1" name="Myjaztest" source="C:\Users\35266\git\Robotproject_jalal\jalalrobot\jalaltest\myjaztest.robot">
<test id="s1-s1-s1-t1" name="mon cahier de test .">
<kw name="Ouvrir le browser">
<kw name="Open Browser" library="SeleniumLibrary">
<doc>Opens a new browser instance to the optional ``url``.</doc>
<arguments>
<arg>${URL}</arg>
<arg>${Browser1}</arg>
</arguments>
<msg timestamp="20211206 21:59:53.667" level="INFO">Opening browser 'firefox' to base url 'https://opensource-demo.orangehrmlive.com/'.</msg>
<msg timestamp="20211206 21:59:53.669" level="INFO">Firefox driver log is always forced to to: C:\Users\35266\git\Robotproject_jalal\jalalrobot\geckodriver-11.log</msg>
<status status="PASS" starttime="20211206 21:59:53.667" endtime="20211206 22:00:00.979"></status>
</kw>
<kw name="Maximize Browser Window" library="SeleniumLibrary">
<doc>Maximizes current browser window.</doc>
<status status="PASS" starttime="20211206 22:00:00.979" endtime="20211206 22:00:01.236"></status>
</kw>
<status status="PASS" starttime="20211206 21:59:53.666" endtime="20211206 22:00:01.237"></status>
</kw>
<kw name="Enter Data">
<kw name="Input Text" library="SeleniumLibrary">
<doc>Types the given ``text`` into the text field identified by ``locator``.</doc>
<arguments>
<arg>name=txtUsername</arg>
<arg>admin</arg>
</arguments>
<msg timestamp="20211206 22:00:01.238" level="INFO">Typing text 'admin' into text field 'name=txtUsername'.</msg>
<status status="PASS" starttime="20211206 22:00:01.238" endtime="20211206 22:00:01.274"></status>
</kw>
<kw name="Input Password" library="SeleniumLibrary">
<doc>Types the given password into the text field identified by ``locator``.</doc>
<arguments>
<arg>name=txtPassword</arg>
<arg>admin123</arg>
</arguments>
<msg timestamp="20211206 22:00:01.275" level="INFO">Typing password into text field 'name=txtPassword'.</msg>
<msg timestamp="20211206 22:00:01.287" level="INFO">Temporally setting log level to: NONE</msg>
<msg timestamp="20211206 22:00:01.300" level="INFO">Log level changed from NONE to INFO.</msg>
<status status="PASS" starttime="20211206 22:00:01.275" endtime="20211206 22:00:01.300"></status>
</kw>
<kw name="Click Button" library="SeleniumLibrary">
<doc>Clicks the button identified by ``locator``.</doc>
<arguments>
<arg>name=Submit</arg>
</arguments>
<msg timestamp="20211206 22:00:01.301" level="INFO">Clicking button 'name=Submit'.</msg>
<status status="PASS" starttime="20211206 22:00:01.301" endtime="20211206 22:00:02.878"></status>
</kw>
<kw name="Wait Until Page Contains" library="SeleniumLibrary">
<doc>Waits until ``text`` appears on the current page.</doc>
<arguments>
<arg>Pending Leave Requests</arg>
</arguments>
<status status="PASS" starttime="20211206 22:00:02.879" endtime="20211206 22:00:02.891"></status>
</kw>
<kw name="Click Element" library="SeleniumLibrary">
<doc>Click the element identified by ``locator``.</doc>
<arguments>
<arg>xpath=/html/body/div[1]/div[2]/ul/li[2]/a/b</arg>
</arguments>
<msg timestamp="20211206 22:00:02.891" level="INFO">Clicking element 'xpath=/html/body/div[1]/div[2]/ul/li[2]/a/b'.</msg>
<status status="PASS" starttime="20211206 22:00:02.891" endtime="20211206 22:00:03.727"></status>
</kw>
<kw name="Wait Until Page Contains" library="SeleniumLibrary">
<doc>Waits until ``text`` appears on the current page.</doc>
<arguments>
<arg>Employment Status</arg>
</arguments>
<status status="PASS" starttime="20211206 22:00:03.727" endtime="20211206 22:00:03.754"></status>
</kw>
<kw name="Input Text" library="SeleniumLibrary">
<doc>Types the given ``text`` into the text field identified by ``locator``.</doc>
<arguments>
<arg>xpath=//*[@id="empsearch_id"]</arg>
<arg>0103</arg>
</arguments>
<msg timestamp="20211206 22:00:03.755" level="INFO">Typing text '0103' into text field 'xpath=//*[@id="empsearch_id"]'.</msg>
<status status="PASS" starttime="20211206 22:00:03.754" endtime="20211206 22:00:03.791"></status>
</kw>
<kw name="Click Button" library="SeleniumLibrary">
<doc>Clicks the button identified by ``locator``.</doc>
<arguments>
<arg>id=searchBtn</arg>
</arguments>
<msg timestamp="20211206 22:00:03.792" level="INFO">Clicking button 'id=searchBtn'.</msg>
<status status="PASS" starttime="20211206 22:00:03.792" endtime="20211206 22:00:04.169"></status>
</kw>
<status status="PASS" starttime="20211206 22:00:01.237" endtime="20211206 22:00:04.170"></status>
</kw>
<kw name="Log" library="BuiltIn">
<doc>Logs the given message with the given level.</doc>
<arguments>
<arg>test completed</arg>
</arguments>
<msg timestamp="20211206 22:00:04.170" level="INFO">test completed</msg>
<status status="PASS" starttime="20211206 22:00:04.170" endtime="20211206 22:00:04.171"></status>
</kw>
<kw name="Log" library="BuiltIn">
<doc>Logs the given message with the given level.</doc>
<arguments>
<arg>this test is runned by %{username} on %{os}</arg>
</arguments>
<msg timestamp="20211206 22:00:04.171" level="INFO">this test is runned by jallal on Windows_NT</msg>
<status status="PASS" starttime="20211206 22:00:04.171" endtime="20211206 22:00:04.171"></status>
</kw>
<status status="PASS" starttime="20211206 21:59:53.665" endtime="20211206 22:00:04.172" critical="yes"></status>
</test>
<status status="PASS" starttime="20211206 21:59:53.490" endtime="20211206 22:00:04.172"></status>
</suite>
<status status="PASS" starttime="20211206 21:59:53.487" endtime="20211206 22:00:04.174"></status>
</suite>
<status status="PASS" starttime="20211206 21:59:53.468" endtime="20211206 22:00:04.175"></status>
</suite>
<statistics>
<total>
<stat pass="1" fail="0">Critical Tests</stat>
<stat pass="1" fail="0">All Tests</stat>
</total>
<tag>
</tag>
<suite>
<stat pass="1" fail="0" id="s1" name="Jalalrobot">Jalalrobot</stat>
<stat pass="1" fail="0" id="s1-s1" name="Jalaltest">Jalalrobot.Jalaltest</stat>
<stat pass="1" fail="0" id="s1-s1-s1" name="Myjaztest">Jalalrobot.Jalaltest.Myjaztest</stat>
</suite>
</statistics>
<errors>
</errors>
</robot>
