<?xml version="1.0" encoding="UTF-8"?>
<robot generator="Robot 3.2.2 (Python 3.7.1 on win32)" generated="20211125 12:18:59.116" rpa="false">
<suite id="s1" name="Jalalrobot" source="C:\Users\35266\eclipse-workspace\jalalrobot">
<suite id="s1-s1" name="Jalaltest" source="C:\Users\35266\eclipse-workspace\jalalrobot\jalaltest">
<suite id="s1-s1-s1" name="Myjaztest" source="C:\Users\35266\eclipse-workspace\jalalrobot\jalaltest\myjaztest.robot">
<test id="s1-s1-s1-t1" name="mon cahier de test .">
<kw name="Ouvrir le browser">
<kw name="Open Browser" library="SeleniumLibrary">
<doc>Opens a new browser instance to the optional ``url``.</doc>
<arguments>
<arg>${URL}</arg>
<arg>${Browser}</arg>
</arguments>
<msg timestamp="20211125 12:18:59.350" level="INFO">Opening browser 'firefox' to base url 'https://opensource-demo.orangehrmlive.com/'.</msg>
<msg timestamp="20211125 12:18:59.352" level="INFO">Firefox driver log is always forced to to: C:\Users\35266\eclipse-workspace\jalalrobot\geckodriver-27.log</msg>
<status status="PASS" starttime="20211125 12:18:59.349" endtime="20211125 12:19:06.936"></status>
</kw>
<kw name="Maximize Browser Window" library="SeleniumLibrary">
<doc>Maximizes current browser window.</doc>
<status status="PASS" starttime="20211125 12:19:06.936" endtime="20211125 12:19:07.201"></status>
</kw>
<status status="PASS" starttime="20211125 12:18:59.348" endtime="20211125 12:19:07.201"></status>
</kw>
<kw name="Enter Data">
<kw name="Input Text" library="SeleniumLibrary">
<doc>Types the given ``text`` into the text field identified by ``locator``.</doc>
<arguments>
<arg>name=txtUsername</arg>
<arg>admin</arg>
</arguments>
<msg timestamp="20211125 12:19:07.202" level="INFO">Typing text 'admin' into text field 'name=txtUsername'.</msg>
<status status="PASS" starttime="20211125 12:19:07.202" endtime="20211125 12:19:07.240"></status>
</kw>
<kw name="Input Password" library="SeleniumLibrary">
<doc>Types the given password into the text field identified by ``locator``.</doc>
<arguments>
<arg>name=txtPassword</arg>
<arg>admin123</arg>
</arguments>
<msg timestamp="20211125 12:19:07.240" level="INFO">Typing password into text field 'name=txtPassword'.</msg>
<msg timestamp="20211125 12:19:07.252" level="INFO">Temporally setting log level to: NONE</msg>
<msg timestamp="20211125 12:19:07.263" level="INFO">Log level changed from NONE to INFO.</msg>
<status status="PASS" starttime="20211125 12:19:07.240" endtime="20211125 12:19:07.264"></status>
</kw>
<kw name="Click Button" library="SeleniumLibrary">
<doc>Clicks the button identified by ``locator``.</doc>
<arguments>
<arg>name=Submit</arg>
</arguments>
<msg timestamp="20211125 12:19:07.264" level="INFO">Clicking button 'name=Submit'.</msg>
<status status="PASS" starttime="20211125 12:19:07.264" endtime="20211125 12:19:08.952"></status>
</kw>
<kw name="Click Element" library="SeleniumLibrary">
<doc>Click the element identified by ``locator``.</doc>
<arguments>
<arg>xpath=//*[@id="menu_pim_viewPimModule"]/b</arg>
</arguments>
<msg timestamp="20211125 12:19:08.953" level="INFO">Clicking element 'xpath=//*[@id="menu_pim_viewPimModule"]/b'.</msg>
<status status="PASS" starttime="20211125 12:19:08.952" endtime="20211125 12:19:10.143"></status>
</kw>
<kw name="Wait Until Element Contains" library="SeleniumLibrary">
<doc>Waits until the element ``locator`` contains ``text``.</doc>
<arguments>
<arg>xpath=//*[@id="footer"]</arg>
<arg>OrangeHRM 4.8</arg>
</arguments>
<status status="PASS" starttime="20211125 12:19:10.144" endtime="20211125 12:19:10.171"></status>
</kw>
<kw name="Input Text" library="SeleniumLibrary">
<doc>Types the given ``text`` into the text field identified by ``locator``.</doc>
<arguments>
<arg>id=empsearch_employee_name_empName</arg>
<arg>Sara Tencrady</arg>
</arguments>
<msg timestamp="20211125 12:19:10.172" level="INFO">Typing text 'Sara Tencrady' into text field 'id=empsearch_employee_name_empName'.</msg>
<status status="PASS" starttime="20211125 12:19:10.171" endtime="20211125 12:19:10.203"></status>
</kw>
<kw name="Click Button" library="SeleniumLibrary">
<doc>Clicks the button identified by ``locator``.</doc>
<arguments>
<arg>id=searchBtn</arg>
</arguments>
<msg timestamp="20211125 12:19:10.203" level="INFO">Clicking button 'id=searchBtn'.</msg>
<status status="PASS" starttime="20211125 12:19:10.203" endtime="20211125 12:19:10.630"></status>
</kw>
<status status="PASS" starttime="20211125 12:19:07.201" endtime="20211125 12:19:10.631"></status>
</kw>
<kw name="Log" library="BuiltIn">
<doc>Logs the given message with the given level.</doc>
<arguments>
<arg>test completed</arg>
</arguments>
<msg timestamp="20211125 12:19:10.632" level="INFO">test completed</msg>
<status status="PASS" starttime="20211125 12:19:10.631" endtime="20211125 12:19:10.632"></status>
</kw>
<kw name="Log" library="BuiltIn">
<doc>Logs the given message with the given level.</doc>
<arguments>
<arg>this test is runned by %{username} on %{os}</arg>
</arguments>
<msg timestamp="20211125 12:19:10.633" level="INFO">this test is runned by 35266 on Windows_NT</msg>
<status status="PASS" starttime="20211125 12:19:10.632" endtime="20211125 12:19:10.633"></status>
</kw>
<status status="PASS" starttime="20211125 12:18:59.348" endtime="20211125 12:19:10.633" critical="yes"></status>
</test>
<status status="PASS" starttime="20211125 12:18:59.173" endtime="20211125 12:19:10.634"></status>
</suite>
<status status="PASS" starttime="20211125 12:18:59.170" endtime="20211125 12:19:10.636"></status>
</suite>
<status status="PASS" starttime="20211125 12:18:59.152" endtime="20211125 12:19:10.637"></status>
</suite>
<statistics>
<total>
<stat pass="1" fail="0">Critical Tests</stat>
<stat pass="1" fail="0">All Tests</stat>
</total>
<tag>
</tag>
<suite>
<stat pass="1" fail="0" id="s1" name="Jalalrobot">Jalalrobot</stat>
<stat pass="1" fail="0" id="s1-s1" name="Jalaltest">Jalalrobot.Jalaltest</stat>
<stat pass="1" fail="0" id="s1-s1-s1" name="Myjaztest">Jalalrobot.Jalaltest.Myjaztest</stat>
</suite>
</statistics>
<errors>
</errors>
</robot>
